Arguments: 
  /Users/edwardrees/.nvm/versions/node/v16.14.2/bin/node /opt/homebrew/Cellar/yarn/1.22.18/libexec/bin/yarn.js add typescript @types/node16

PATH: 
  /Users/edwardrees/.gem/ruby/3.1.0/bin:/Users/edwardrees/.rubies/ruby-3.1.0/lib/ruby/gems/3.1.0/bin:/Users/edwardrees/.rubies/ruby-3.1.0/bin:/Users/edwardrees/.nvm/versions/node/v16.14.2/bin:/opt/homebrew/bin:/opt/homebrew/sbin:/usr/local/bin:/usr/bin:/bin:/usr/sbin:/sbin:/Library/TeX/texbin:/usr/local/go/bin:/usr/local/share/dotnet:~/.dotnet/tools:/Library/Apple/usr/bin:/Library/Frameworks/Mono.framework/Versions/Current/Commands:/Users/edwardrees/.nvm/versions/node/v16.14.2/bin:/opt/homebrew/bin:/opt/homebrew/sbin:/Users/edwardrees/.cargo/bin:/Users/edwardrees/.fig/bin:/Users/edwardrees/.local/bin:~/flutter/bin:~/flutter/bin

Yarn version: 
  1.22.18

Node version: 
  16.14.2

Platform: 
  darwin arm64

Trace: 
  Error: https://registry.yarnpkg.com/@types%2fnode16: Not found
      at Request.params.callback [as _callback] (/opt/homebrew/Cellar/yarn/1.22.18/libexec/lib/cli.js:66138:18)
      at Request.self.callback (/opt/homebrew/Cellar/yarn/1.22.18/libexec/lib/cli.js:140883:22)
      at Request.emit (node:events:526:28)
      at Request.<anonymous> (/opt/homebrew/Cellar/yarn/1.22.18/libexec/lib/cli.js:141855:10)
      at Request.emit (node:events:526:28)
      at IncomingMessage.<anonymous> (/opt/homebrew/Cellar/yarn/1.22.18/libexec/lib/cli.js:141777:12)
      at Object.onceWrapper (node:events:645:28)
      at IncomingMessage.emit (node:events:538:35)
      at endReadableNT (node:internal/streams/readable:1345:12)
      at processTicksAndRejections (node:internal/process/task_queues:83:21)

npm manifest: 
  {
    "name": "todo-project",
    "version": "1.0.0",
    "description": "Simple fullstack todo project",
    "main": "index.ts",
    "author": "Edward Rees",
    "license": "MIT",
    "private": true
  }

yarn manifest: 
  No manifest

Lockfile: 
  # THIS IS AN AUTOGENERATED FILE. DO NOT EDIT THIS FILE DIRECTLY.
  # yarn lockfile v1
